<?xml version="1.0" encoding="UTF-8"?>
<!-- Generated by org.testng.reporters.JUnitReportReporter -->
<testsuite hostname="FizzahMazhar-PC" failures="0" tests="4" name="playwright_packages.Salesforce" time="102.374" errors="0" timestamp="2023-11-02T16:41:47 PKT" skipped="0">
  <testcase classname="playwright_packages.Salesforce" name="main1122" time="23.359"/>
  <testcase classname="playwright_packages.Salesforce" name="main1122" time="23.239"/>
  <testcase classname="playwright_packages.Salesforce" name="main1122" time="34.269"/>
  <testcase classname="playwright_packages.Salesforce" name="main1122" time="21.507"/>
</testsuite> <!-- playwright_packages.Salesforce -->
