<?xml version="1.0" encoding="UTF-8"?>
<!-- Generated by org.testng.reporters.JUnitReportReporter -->
<testsuite hostname="FizzahMazhar-PC" failures="0" tests="1" name="playwright_packages.PickList" time="8.438" errors="0" timestamp="2023-11-01T17:46:44 PKT" skipped="0">
  <testcase classname="playwright_packages.PickList" name="main123" time="8.438"/>
</testsuite> <!-- playwright_packages.PickList -->
