<?xml version="1.0" encoding="UTF-8"?>
<!-- Generated by org.testng.reporters.JUnitReportReporter -->
<testsuite hostname="FizzahMazhar-PC" failures="0" tests="1" name="playwright_packages.UplaodFile" time="23.588" errors="0" timestamp="2023-11-01T17:46:44 PKT" skipped="0">
  <testcase classname="playwright_packages.UplaodFile" name="ab" time="23.588"/>
</testsuite> <!-- playwright_packages.UplaodFile -->
