<?xml version="1.0" encoding="UTF-8"?>
<!-- Generated by org.testng.reporters.JUnitReportReporter -->
<testsuite hostname="FizzahMazhar-PC" failures="0" tests="2" name="playwright_packages.Salesforce$abc" time="54.866" errors="0" timestamp="2023-11-02T16:36:18 PKT" skipped="0">
  <testcase classname="playwright_packages.Salesforce$abc" name="main1122" time="34.032"/>
  <testcase classname="playwright_packages.Salesforce$abc" name="main3211" time="20.834"/>
</testsuite> <!-- playwright_packages.Salesforce$abc -->
