<?xml version="1.0" encoding="UTF-8"?>
<!-- Generated by org.testng.reporters.JUnitReportReporter -->
<testsuite hostname="FizzahMazhar-PC" failures="0" tests="1" name="playwright_packages.First_LastElement" time="24.339" errors="0" timestamp="2023-11-01T12:39:32 PKT" skipped="0">
  <testcase classname="playwright_packages.First_LastElement" name="main4321" time="24.339"/>
</testsuite> <!-- playwright_packages.First_LastElement -->
