<?xml version="1.0" encoding="UTF-8"?>
<!-- Generated by org.testng.reporters.JUnitReportReporter -->
<testsuite hostname="FizzahMazhar-PC" failures="0" tests="1" name="playwright_packages.AutoLogin" time="25.649" errors="0" timestamp="2023-11-01T17:46:44 PKT" skipped="0">
  <testcase classname="playwright_packages.AutoLogin" name="main" time="25.649"/>
</testsuite> <!-- playwright_packages.AutoLogin -->
